<?xml version="1.0" encoding="UTF-8"?>
<!-- Generated by org.testng.reporters.JUnitReportReporter -->
<testsuite skipped="0" hostname="venkatesh-PC" name="org.testsample.TestRunner" tests="3" failures="0" timestamp="12 Oct 2020 21:51:10 GMT" time="13.494" errors="0">
  <testcase name="testCase1_verifyDestinationLink" time="3.403" classname="org.testsample.TestRunner"/>
  <testcase name="testCase2_FindFlightwithLowPrice" time="2.887" classname="org.testsample.TestRunner"/>
  <testcase name="testCase3_PurChaseFlight" time="7.204" classname="org.testsample.TestRunner"/>
</testsuite> <!-- org.testsample.TestRunner -->
